<?xml version="1.0" encoding="UTF-8"?>
<!-- Generated by org.testng.reporters.JUnitXMLReporter -->
<testsuite hostname="DESKTOP-EVICI7D" ignored="2" name="Test" tests="7" failures="0" timestamp="2023-05-31T02:35:02 IST" time="177.142" errors="0">
  <testcase name="createBooking" time="5.957" classname="TestCases.API_tests"/>
  <testcase name="geBooking" time="1.236" classname="TestCases.API_tests"/>
  <testcase name="getToken" time="1.274" classname="TestCases.API_tests"/>
  <testcase name="updateBooking" time="1.772" classname="TestCases.API_tests"/>
  <testcase name="deleteBooking" time="1.204" classname="TestCases.API_tests"/>
  <testcase name="searchResultAndloginToAmazon" time="42.848" classname="TestCases.tSearchAndPrintResult"/>
  <testcase name="ValidateProducts" time="121.525" classname="TestCases.tValidateProdWithRange"/>
  <testcase name="@BeforeTest ExtentReport" time="0.0" classname="Resources.BaseClass">
    <ignored/>
  </testcase> <!-- @BeforeTest ExtentReport -->
  <testcase name="@AfterTest endReport" time="0.0" classname="Resources.BaseClass">
    <ignored/>
  </testcase> <!-- @AfterTest endReport -->
</testsuite> <!-- Test -->
