<?xml version="1.0" encoding="UTF-8"?>
<!-- Generated by org.testng.reporters.JUnitXMLReporter -->
<testsuite hostname="DESKTOP-EVICI7D" ignored="2" name="Test" tests="3" failures="0" timestamp="2023-05-29T04:53:25 IST" time="196.05" errors="0">
  <testcase name="searchResultAndloginToAmazon" time="70.192" classname="TestCases.tSearchAndPrintResult"/>
  <testcase name="dataHandling" time="2.858" classname="TestCases.tValidateProdWithRange"/>
  <testcase name="validlogin" time="99.011" classname="TestCases.tValidateProdWithRange"/>
  <testcase name="@AfterTest endReport" time="0.0" classname="Resources.BaseClass">
    <ignored/>
  </testcase> <!-- @AfterTest endReport -->
  <testcase name="@BeforeTest ExtentReport" time="0.0" classname="Resources.BaseClass">
    <ignored/>
  </testcase> <!-- @BeforeTest ExtentReport -->
</testsuite> <!-- Test -->
