<?xml version="1.0" encoding="UTF-8"?>
<testng-results skipped="0" failed="0" ignored="2" total="5" passed="3">
  <reporter-output>
  </reporter-output>
  <suite name="Suite" duration-ms="196050" started-at="2023-05-29T04:50:09 IST" finished-at="2023-05-29T04:53:25 IST">
    <groups>
    </groups>
    <test name="Test" duration-ms="196050" started-at="2023-05-29T04:50:09 IST" finished-at="2023-05-29T04:53:25 IST">
      <class name="TestCases.tValidateProdWithRange">
        <test-method status="PASS" signature="launchUrl()[pri:0, instance:TestCases.tValidateProdWithRange@7ba18f1b]" name="launchUrl" is-config="true" duration-ms="4889" started-at="2023-05-29T04:51:30 IST" finished-at="2023-05-29T04:51:35 IST">
          <reporter-output>
          </reporter-output>
        </test-method> <!-- launchUrl -->
        <test-method status="PASS" signature="dataHandling()[pri:0, instance:TestCases.tValidateProdWithRange@7ba18f1b]" name="dataHandling" duration-ms="2858" started-at="2023-05-29T04:51:35 IST" finished-at="2023-05-29T04:51:38 IST">
          <reporter-output>
          </reporter-output>
        </test-method> <!-- dataHandling -->
        <test-method status="PASS" signature="launchUrl()[pri:0, instance:TestCases.tValidateProdWithRange@7ba18f1b]" name="launchUrl" is-config="true" duration-ms="7622" started-at="2023-05-29T04:51:38 IST" finished-at="2023-05-29T04:51:46 IST">
          <reporter-output>
          </reporter-output>
        </test-method> <!-- launchUrl -->
        <test-method status="PASS" signature="validlogin()[pri:0, instance:TestCases.tValidateProdWithRange@7ba18f1b]" name="validlogin" duration-ms="99011" started-at="2023-05-29T04:51:46 IST" finished-at="2023-05-29T04:53:25 IST">
          <reporter-output>
          </reporter-output>
        </test-method> <!-- validlogin -->
      </class> <!-- TestCases.tValidateProdWithRange -->
      <class name="TestCases.tSearchAndPrintResult">
        <test-method status="PASS" signature="ExtentReport()[pri:0, instance:TestCases.tSearchAndPrintResult@587c290d]" name="ExtentReport" is-config="true" duration-ms="472" started-at="2023-05-29T04:50:09 IST" finished-at="2023-05-29T04:50:10 IST">
          <reporter-output>
          </reporter-output>
        </test-method> <!-- ExtentReport -->
        <test-method status="PASS" signature="launchUrl()[pri:0, instance:TestCases.tSearchAndPrintResult@587c290d]" name="launchUrl" is-config="true" duration-ms="10232" started-at="2023-05-29T04:50:10 IST" finished-at="2023-05-29T04:50:20 IST">
          <reporter-output>
          </reporter-output>
        </test-method> <!-- launchUrl -->
        <test-method status="PASS" signature="searchResultAndloginToAmazon()[pri:0, instance:TestCases.tSearchAndPrintResult@587c290d]" name="searchResultAndloginToAmazon" duration-ms="70192" started-at="2023-05-29T04:50:20 IST" finished-at="2023-05-29T04:51:30 IST">
          <reporter-output>
          </reporter-output>
        </test-method> <!-- searchResultAndloginToAmazon -->
        <test-method status="PASS" signature="endReport()[pri:0, instance:TestCases.tSearchAndPrintResult@587c290d]" name="endReport" is-config="true" duration-ms="685" started-at="2023-05-29T04:53:25 IST" finished-at="2023-05-29T04:53:25 IST">
          <reporter-output>
          </reporter-output>
        </test-method> <!-- endReport -->
      </class> <!-- TestCases.tSearchAndPrintResult -->
    </test> <!-- Test -->
  </suite> <!-- Suite -->
</testng-results>
